<?xml version="1.0" encoding="UTF-8"?>
<testng-results skipped="0" failed="0" total="1" passed="1">
  <reporter-output>
  </reporter-output>
  <suite name="Suite" duration-ms="5069" started-at="2019-03-14T07:41:14Z" finished-at="2019-03-14T07:41:19Z">
    <groups>
      <group name="selenium-test">
        <method signature="login.Alogin()[pri:0, instance:testbaidu.login@1c2c22f3]" name="Alogin" class="testbaidu.login"/>
      </group> <!-- selenium-test -->
    </groups>
    <test name="Test" duration-ms="5069" started-at="2019-03-14T07:41:14Z" finished-at="2019-03-14T07:41:19Z">
      <class name="testbaidu.login">
        <test-method status="PASS" signature="openfirefox()[pri:0, instance:testbaidu.login@1c2c22f3]" name="openfirefox" is-config="true" duration-ms="3434" started-at="2019-03-14T15:41:14Z" finished-at="2019-03-14T15:41:18Z">
          <reporter-output>
          </reporter-output>
        </test-method> <!-- openfirefox -->
        <test-method status="PASS" signature="Alogin()[pri:0, instance:testbaidu.login@1c2c22f3]" name="Alogin" duration-ms="1628" started-at="2019-03-14T15:41:18Z" finished-at="2019-03-14T15:41:19Z">
          <reporter-output>
          </reporter-output>
        </test-method> <!-- Alogin -->
      </class> <!-- testbaidu.login -->
    </test> <!-- Test -->
  </suite> <!-- Suite -->
</testng-results>
